10
-24.1475, -2.7099, 590.445
-18.4183, 11.7221, 476.641
28.488, 1.27247, 813.185
-30.5023, 1.94643, 934.179
-32.2635, -28.3874, 1846.78
12.2403, 28.2091, 945.578
1.7648, 10.0872, 104.866
13.1852, 17.1834, 469.119
-29.6574, -11.2568, 1006.28
16.8041, -8.82516, 360.261
1.7648, 6.65777, 47.4404
13.1852, 17.1834, 469.119
-18.4183, 11.7221, 476.641
-24.1475, -2.7099, 590.445
28.488, 1.27247, 813.185
27.209, -8.82516, 818.213
-30.5023, 1.94643, 934.179
12.2403, 28.2091, 945.578
-29.6574, -11.2568, 1006.28
-32.2635, -28.3874, 1846.78
-18.4183, 11.7221, 476.641
-24.1475, -2.7099, 590.445
-24.9617, 1.27247, 624.706
-30.5023, 1.94643, 934.179
-30.9275, 0.0754614, 956.516
-29.6574, -11.2568, 1006.28
30.9857, -8.82516, 1038
12.2403, 31.4364, 1138.07
32.3127, 17.1834, 1339.38
-32.2635, -28.3874, 1846.78
-18.4183, 11.7221, 476.641
-24.1475, -2.7099, 590.445
-30.9275, 0.0754614, 956.516
-31.0042, 1.94643, 965.049
-29.6574, -11.2568, 1006.28
30.9857, -8.82516, 1038
-24.9617, -20.91, 1060.31
12.2403, 31.4364, 1138.07
-23.7455, 17.1834, 859.118
-32.2635, 23.4154, 1589.21
-18.4183, 11.7221, 476.641
-24.1475, -2.7099, 590.445
-23.7455, 17.1834, 859.118
-30.9275, 0.0754614, 956.516
-31.0042, 1.94643, 965.049
-29.6574, -11.2568, 1006.28
30.9857, -8.82516, 1038
-24.9617, -20.91, 1060.31
12.2403, 31.4364, 1138.07
-32.2635, 23.4154, 1589.21
-18.4183, 11.7221, 476.641
-24.1475, -2.7099, 590.445
-23.7455, 17.1834, 859.118
-30.9275, 0.0754614, 956.516
-31.0042, 1.94643, 965.049
-29.6574, -11.2568, 1006.28
30.9857, -8.82516, 1038
-24.9617, -20.91, 1060.31
12.2403, 31.4364, 1138.07
-32.2635, 23.4154, 1589.21
12.962, 1.94643, 171.802
-18.4183, 11.7221, 476.641
-24.1475, -2.7099, 590.445
-23.7455, 17.1834, 859.118
-30.9275, 0.0754614, 956.516
-29.6574, 10.7693, 995.539
30.9857, -8.82516, 1038
-24.9617, -20.91, 1060.31
12.2403, 31.4364, 1138.07
-32.2635, 23.4154, 1589.21
12.962, 1.94643, 171.802
-18.4183, 11.7221, 476.641
29.4345, -2.7099, 873.733
-24.9363, 17.1834, 917.088
-30.9275, 0.0754614, 956.516
-29.6574, 10.7693, 995.539
30.9857, -8.82516, 1038
-24.9617, -20.91, 1060.31
12.2403, 31.4364, 1138.07
-32.2635, 23.4154, 1589.21
12.962, 4.53702, 188.598
-11.1222, -8.82516, 201.587
-9.79577, 10.7693, 211.935
29.4345, -2.7099, 873.733
-24.9363, 17.1834, 917.088
-30.9275, 0.0754614, 956.516
-24.9617, -20.91, 1060.31
12.2403, 31.4364, 1138.07
-18.4183, -30.239, 1253.63
-32.2635, 23.4154, 1589.21
5.48343, 0.0754614, 30.0737
12.962, 4.53702, 188.598
-11.1222, -8.82516, 201.587
-9.79577, 10.7693, 211.935
-24.9363, -7.86462, 683.671
29.4345, -2.7099, 873.733
-24.9617, -20.91, 1060.31
12.2403, 31.4364, 1138.07
-18.4183, -30.239, 1253.63
-32.2635, 23.4154, 1589.21
5.48343, 0.0754614, 30.0737
10.2902, -2.7099, 113.232
12.962, 4.53702, 188.598
-11.1222, -8.82516, 201.587
-9.79577, 10.7693, 211.935
-24.9363, 19.7156, 1010.52
-24.9617, -20.91, 1060.31
12.2403, 31.4364, 1138.07
-18.4183, -30.239, 1253.63
-32.2635, 23.4154, 1589.21
5.48343, 0.0754614, 30.0737
10.2902, -2.7099, 113.232
12.962, 4.53702, 188.598
-11.1222, -8.82516, 201.587
-9.79577, 10.7693, 211.935
-24.9363, 19.7156, 1010.52
-24.9617, -20.91, 1060.31
12.2403, 31.4364, 1138.07
-18.4183, -30.239, 1253.63
-32.2635, 23.4154, 1589.21
5.48343, 0.0754614, 30.0737
10.2902, -2.7099, 113.232
12.962, 4.53702, 188.598
-11.1222, -8.82516, 201.587
-9.79577, 10.7693, 211.935
12.2403, -20.7044, 578.497
-24.9617, -14.5106, 833.644
-24.9363, 19.7156, 1010.52
-18.4183, -30.239, 1253.63
-32.2635, 23.4154, 1589.21
5.48343, 0.0754614, 30.0737
10.2902, -2.7099, 113.232
12.962, 4.53702, 188.598
-11.1222, -8.82516, 201.587
-9.79577, 10.7693, 211.935
12.2403, -20.7044, 578.497
-24.9617, -14.5106, 833.644
-24.9363, 19.7156, 1010.52
-18.4183, -30.239, 1253.63
-32.2635, 23.4154, 1589.21
5.48343, 0.0754614, 30.0737
10.2902, -2.7099, 113.232
12.962, 4.40917, 187.454
-9.79577, 10.7693, 211.935
-16.3066, -8.82516, 343.789
12.2403, -20.7044, 578.497
-24.9617, -14.5106, 833.644
-24.9363, 19.7156, 1010.52
-18.4183, -30.239, 1253.63
-32.2635, 23.4154, 1589.21
5.48343, 0.0754614, 30.0737
10.2902, -2.7099, 113.232
12.962, 4.40917, 187.454
-9.79577, 10.7693, 211.935
-16.3066, -8.82516, 343.789
12.2403, -20.7044, 578.497
-24.9617, -14.5106, 833.644
-24.9363, 19.7156, 1010.52
-18.4183, -30.239, 1253.63
-32.2635, 23.4154, 1589.21
5.48343, 0.0754614, 30.0737
10.2902, -2.7099, 113.232
12.962, 4.40917, 187.454
-9.79577, 10.7693, 211.935
-16.3066, -8.82516, 343.789
12.2403, -20.7044, 578.497
-24.9617, -14.5106, 833.644
-24.9363, 19.7156, 1010.52
-18.4183, -30.239, 1253.63
-32.2635, 23.4154, 1589.21
5.48343, 0.0754614, 30.0737
10.2902, -2.7099, 113.232
12.962, 4.40917, 187.454
-9.79577, 10.7693, 211.935
-16.3066, -8.82516, 343.789
12.2403, -20.7044, 578.497
-24.9617, -14.5106, 833.644
-24.9363, 19.7156, 1010.52
-18.4183, -30.239, 1253.63
-32.2635, 23.4154, 1589.21
5.48343, 0.0754614, 30.0737
10.2902, -2.7099, 113.232
-10.0627, 10.7693, 217.236
12.962, 9.32269, 254.926
-16.3066, -8.82516, 343.789
12.2403, -20.7044, 578.497
-24.9617, -14.5106, 833.644
-24.9363, 19.7156, 1010.52
-18.4183, -30.239, 1253.63
-32.2635, 23.4154, 1589.21
5.48343, 0.0754614, 30.0737
10.2902, -2.7099, 113.232
-10.0627, 10.7693, 217.236
12.962, 9.32269, 254.926
-5.46446, -20.7044, 458.533
-16.3066, -20.0273, 666.998
-24.9617, -14.5106, 833.644
-24.9363, 19.7156, 1010.52
-18.4183, -30.239, 1253.63
-32.2635, 23.4154, 1589.21
5.48343, 0.0754614, 30.0737
10.2902, -2.7099, 113.232
-10.0627, 10.7693, 217.236
12.962, 9.32269, 254.926
-13.1007, -20.7044, 600.301
16.6816, -20.0273, 679.369
-24.9617, -14.5106, 833.644
-24.9363, 19.7156, 1010.52
-18.4183, -30.239, 1253.63
-32.2635, 23.4154, 1589.21
5.48343, 0.0754614, 30.0737
10.2902, -2.7099, 113.232
-10.0627, 10.7693, 217.236
12.962, 9.32269, 254.926
-3.71061, -20.7044, 442.441
-24.9617, -14.5106, 833.644
-24.9363, 19.7156, 1010.52
26.0943, -20.0273, 1082.01
-18.4183, -30.239, 1253.63
-32.2635, 23.4154, 1589.21
5.48343, 0.0754614, 30.0737
10.2902, -2.7099, 113.232
-10.5151, 4.74614, 133.093
-10.0627, 10.7693, 217.236
12.962, 9.32269, 254.926
11.0307, 22.9653, 649.081
-24.9363, 19.7156, 1010.52
26.0943, -20.0273, 1082.01
-18.4183, -11.9178, 481.268
-32.2635, -24.38, 1635.32
5.48343, 0.0754614, 30.0737
10.2902, -2.7099, 113.232
-10.5151, 4.74614, 133.093
-10.0627, 10.7693, 217.236
12.962, 9.32269, 254.926
-18.4183, -11.9178, 481.268
11.0307, 22.9653, 649.081
-24.9363, 19.7156, 1010.52
26.0943, -20.0273, 1082.01
-32.2635, -24.38, 1635.32
5.48343, 0.0754614, 30.0737
10.2902, -2.7099, 113.232
-10.5151, 4.74614, 133.093
-10.0627, 10.7693, 217.236
12.962, 9.32269, 254.926
-18.4183, -11.9178, 481.268
11.0307, 22.9653, 649.081
-24.9363, 19.7156, 1010.52
26.0943, -20.0273, 1082.01
-32.2635, -24.38, 1635.32
5.48343, 0.0754614, 30.0737
10.2902, -2.7099, 113.232
-10.5151, 4.74614, 133.093
-10.0627, 10.7693, 217.236
12.962, 9.32269, 254.926
-18.4183, -11.9178, 481.268
11.0307, 22.9653, 649.081
-24.9363, 19.7156, 1010.52
26.0943, -20.0273, 1082.01
-32.2635, -24.38, 1635.32
5.48343, 0.0754614, 30.0737
10.2902, -2.7099, 113.232
-10.5151, 4.74614, 133.093
-10.0627, 10.7693, 217.236
12.962, 9.32269, 254.926
-18.4183, -11.9178, 481.268
11.0307, 22.9653, 649.081
-24.9363, 19.7156, 1010.52
26.0943, -20.0273, 1082.01
-32.2635, -24.38, 1635.32
5.48343, 0.0754614, 30.0737
10.2902, -2.7099, 113.232
-10.5151, 4.74614, 133.093
-10.0627, 10.7693, 217.236
12.962, 9.32269, 254.926
-18.4183, -11.9178, 481.268
11.0307, 22.9653, 649.081
-24.9363, 19.7156, 1010.52
26.0943, -20.0273, 1082.01
-32.2635, -24.38, 1635.32
5.48343, 0.0754614, 30.0737
10.2902, -2.7099, 113.232
-10.5151, 4.74614, 133.093
-10.0627, 10.7693, 217.236
12.962, 9.32269, 254.926
-18.4183, -11.9178, 481.268
11.0307, 22.9653, 649.081
-24.9363, 19.7156, 1010.52
26.0943, -20.0273, 1082.01
-32.2635, -24.38, 1635.32
5.48343, 0.0754614, 30.0737
10.2902, -2.7099, 113.232
-10.5151, 4.74614, 133.093
-10.0627, 10.7693, 217.236
12.962, 9.32269, 254.926
-18.4183, -11.9178, 481.268
11.0307, 22.9653, 649.081
-24.9363, 19.7156, 1010.52
26.0943, -20.0273, 1082.01
-32.2635, -24.38, 1635.32
5.48343, 0.0754614, 30.0737
10.2902, -2.7099, 113.232
12.962, 9.32269, 254.926
-10.5151, -14.1483, 310.742
-18.4183, -11.9178, 481.268
11.0307, 22.9653, 649.081
-26.5104, 10.7693, 818.779
-24.9363, 19.7156, 1010.52
26.0943, -20.0273, 1082.01
-32.2635, -24.38, 1635.32
5.48343, 0.0754614, 30.0737
10.2902, -2.7099, 113.232
12.962, 9.32269, 254.926
-10.5151, -14.1483, 310.742
-18.4183, -11.9178, 481.268
11.0307, 22.9653, 649.081
-26.5104, 10.7693, 818.779
-24.9363, 19.7156, 1010.52
26.0943, -20.0273, 1082.01
-32.2635, -24.38, 1635.32
5.48343, 0.0754614, 30.0737
10.2902, -2.7099, 113.232
12.962, 9.32269, 254.926
-10.5151, -14.1483, 310.742
-18.4183, -11.9178, 481.268
11.0307, 22.9653, 649.081
-16.8659, 19.7156, 673.163
-26.5104, -5.00774, 727.879
26.0943, -20.0273, 1082.01
-32.2635, -24.38, 1635.32
10.2902, -5.4464, 135.551
12.962, 9.32269, 254.926
-10.5151, -14.1483, 310.742
-18.4183, -11.9178, 481.268
24.1053, 0.0754614, 581.071
11.0307, 22.9653, 649.081
-16.8659, 19.7156, 673.163
-26.5104, -5.00774, 727.879
26.0943, -20.0273, 1082.01
-32.2635, -24.38, 1635.32
-10.5151, -14.1483, 310.742
10.2902, 17.6731, 418.223
-18.4183, -11.9178, 481.268
21.8011, 9.32269, 562.201
24.1053, 0.0754614, 581.071
11.0307, 22.9653, 649.081
-16.8659, 19.7156, 673.163
-26.5104, -5.00774, 727.879
26.0943, -20.0273, 1082.01
-32.2635, -24.38, 1635.32
-10.5151, -14.1483, 310.742
10.2902, 17.6731, 418.223
-18.4183, -11.9178, 481.268
21.8011, 9.32269, 562.201
24.1053, 0.0754614, 581.071
11.0307, 22.9653, 649.081
-16.8659, 19.7156, 673.163
-26.5104, -5.00774, 727.879
26.0943, -20.0273, 1082.01
-32.2635, -24.38, 1635.32
-10.5151, -14.9671, 334.581
-18.4183, -11.9178, 481.268
21.8011, 9.32269, 562.201
24.1053, 0.0754614, 581.071
11.0307, 22.9653, 649.081
-16.8659, 19.7156, 673.163
-26.5104, -5.00774, 727.879
10.2902, -25.1279, 737.3
26.0943, -20.0273, 1082.01
-32.2635, -24.38, 1635.32
11.0307, -9.98485, 221.374
-10.5151, -14.9671, 334.581
-18.4183, -11.9178, 481.268
21.8011, 9.32269, 562.201
24.1053, 0.0754614, 581.071
-26.5104, -5.00774, 727.879
10.2902, -25.1279, 737.3
-16.8659, 22.3709, 784.916
26.0943, -20.0273, 1082.01
-32.2635, -24.38, 1635.32
-2.30557, 9.32269, 92.2282
11.0307, -9.98485, 221.374
-10.5151, -14.9671, 334.581
-18.4183, -3.29117, 350.066
-1.98225, 22.3709, 504.386
24.1053, 0.0754614, 581.071
-26.5104, -5.00774, 727.879
26.0943, -20.0273, 1082.01
29.6416, -25.1279, 1510.04
-32.2635, -17.8914, 1361.04
-2.30557, 9.32269, 92.2282
11.0307, -9.98485, 221.374
-10.5151, -14.9671, 334.581
-18.4183, -3.29117, 350.066
-1.98225, 22.3709, 504.386
24.1053, 0.0754614, 581.071
-26.5104, -5.00774, 727.879
26.0943, -20.0273, 1082.01
-32.2635, -17.8914, 1361.04
29.6416, -25.1279, 1510.04
-2.30557, 9.32269, 92.2282
11.0307, -9.98485, 221.374
-10.5151, -14.9671, 334.581
-18.4183, -3.29117, 350.066
-1.98225, 22.3709, 504.386
24.1053, 0.0754614, 581.071
-26.5104, -5.00774, 727.879
26.0943, -20.0273, 1082.01
-32.2635, -17.8914, 1361.04
29.6416, -25.1279, 1510.04
-2.30557, 9.32269, 92.2282
11.0307, -9.98485, 221.374
-10.5151, -14.9671, 334.581
-18.4183, -3.29117, 350.066
-1.98225, 22.3709, 504.386
24.1053, 0.0754614, 581.071
-26.5104, -5.00774, 727.879
26.0943, -20.0273, 1082.01
-32.2635, -17.8914, 1361.04
29.6416, -25.1279, 1510.04
-1.98225, -1.91861, 7.61038
-2.30557, 9.32269, 92.2282
11.0307, -9.98485, 221.374
-10.5151, -14.9671, 334.581
-18.4183, -3.29117, 350.066
19.722, 0.0754614, 388.963
26.0943, -2.33142, 686.348
-26.5104, -5.00774, 727.879
-32.2635, -17.8914, 1361.04
29.6416, -25.1279, 1510.04
-2.46359, -1.91861, 9.75034
11.0307, -9.98485, 221.374
13.1434, 9.32269, 259.662
-10.5151, -14.9671, 334.581
-18.4183, -3.29117, 350.066
19.722, 0.0754614, 388.963
26.0943, 8.41729, 751.763
-26.5104, -22.7946, 1222.4
-32.2635, -17.8914, 1361.04
29.6416, -25.1279, 1510.04
-2.46359, -1.91861, 9.75034
11.0307, -9.98485, 221.374
13.1434, 9.32269, 259.662
-10.5151, -14.9671, 334.581
-18.4183, -3.29117, 350.066
19.722, 0.0754614, 388.963
26.0943, 8.41729, 751.763
-26.5104, -22.7946, 1222.4
-32.2635, -17.8914, 1361.04
29.6416, -25.1279, 1510.04
-2.46359, -1.91861, 9.75034
11.0307, -9.98485, 221.374
13.1434, 9.32269, 259.662
-10.5151, -14.9671, 334.581
-18.4183, -11.4343, 469.977
26.0943, 8.41729, 751.763
19.722, -25.2776, 1027.91
-26.5104, -22.7946, 1222.4
-32.2635, -17.8914, 1361.04
29.6416, -25.1279, 1510.04
-2.46359, -1.91861, 9.75034
11.0307, -9.98485, 221.374
13.1434, 9.32269, 259.662
-10.5151, -14.9671, 334.581
-18.4183, -11.4343, 469.977
26.0943, 8.41729, 751.763
19.722, -25.2776, 1027.91
-26.5104, -22.7946, 1222.4
20.16, -17.8914, 726.528
7.51828, -25.1279, 687.936
-2.46359, -1.91861, 9.75034
11.0307, -9.98485, 221.374
13.1434, 9.32269, 259.662
-10.5151, -14.9671, 334.581
-18.4183, -11.4343, 469.977
7.51828, -25.1279, 687.936
20.16, -17.8914, 726.528
26.0943, 8.41729, 751.763
19.722, -25.2776, 1027.91
-26.5104, -22.7946, 1222.4
-2.46359, -1.91861, 9.75034
11.0307, -9.98485, 221.374
13.1434, 9.32269, 259.662
-10.5151, -14.9671, 334.581
-18.4183, -11.4343, 469.977
7.51828, -25.1279, 687.936
20.16, -17.8914, 726.528
26.0943, 8.41729, 751.763
-11.5353, -25.2776, 772.02
-26.5104, -18.348, 1039.45
-2.46359, -1.91861, 9.75034
11.0307, -9.98485, 221.374
13.1434, 9.32269, 259.662
-10.5151, -14.9671, 334.581
-18.4183, -11.4343, 469.977
7.51828, -25.1279, 687.936
20.16, -17.8914, 726.528
26.0943, 8.41729, 751.763
-11.5353, -25.2776, 772.02
-26.5104, -18.348, 1039.45
-2.46359, -1.91861, 9.75034
11.0307, -9.98485, 221.374
13.1434, 9.32269, 259.662
-10.5151, -14.9671, 334.581
-18.4183, -11.4343, 469.977
7.51828, -25.1279, 687.936
20.16, -17.8914, 726.528
26.0943, 8.41729, 751.763
-11.5353, -25.2776, 772.02
-26.5104, -18.348, 1039.45
-2.46359, -1.91861, 9.75034
11.0307, -9.98485, 221.374
13.1434, 9.32269, 259.662
-10.5151, -14.9671, 334.581
-18.4183, -11.4343, 469.977
7.51828, -25.1279, 687.936
20.16, -17.8914, 726.528
26.0943, 8.41729, 751.763
-11.5353, -25.2776, 772.02
-26.5104, -18.348, 1039.45
-2.46359, -1.91861, 9.75034
11.0307, -9.98485, 221.374
13.1434, 9.32269, 259.662
-10.5151, -14.9671, 334.581
-18.4183, -11.4343, 469.977
7.51828, -25.1279, 687.936
20.16, -17.8914, 726.528
26.0943, 8.41729, 751.763
-11.5353, -25.2776, 772.02
-26.5104, -18.348, 1039.45
-2.46359, -1.91861, 9.75034
11.0307, -9.98485, 221.374
13.1434, 9.32269, 259.662
-10.5151, -14.9671, 334.581
-18.4183, -11.4343, 469.977
7.51828, -25.1279, 687.936
20.16, -17.8914, 726.528
26.0943, 8.41729, 751.763
-11.5353, -25.2776, 772.02
-26.5104, -18.348, 1039.45
-2.46359, -1.91861, 9.75034
4.08567, 9.32269, 103.605
11.0307, -9.98485, 221.374
-10.5151, -13.8369, 302.027
-18.4183, -11.4343, 469.977
7.51828, -25.1279, 687.936
20.16, -17.8914, 726.528
26.0943, 8.41729, 751.763
-11.5353, -27.66, 898.139
-26.5104, 30.3912, 1626.43
-2.46359, -1.91861, 9.75034
4.08567, 9.32269, 103.605
11.0307, -9.98485, 221.374
-10.5151, -13.8369, 302.027
-16.548, 8.41729, 344.687
-18.4183, -11.4343, 469.977
7.51828, -25.1279, 687.936
-11.5353, -27.66, 898.139
26.5417, -17.8914, 1024.56
-26.5104, 30.3912, 1626.43
-2.46359, -5.38974, 35.1185
11.0307, -9.98485, 221.374
-14.5252, 9.32269, 297.894
-10.5151, -13.8369, 302.027
-16.548, 8.41729, 344.687
-18.4183, -11.4343, 469.977
7.51828, -25.1279, 687.936
-11.5353, -27.66, 898.139
26.5417, -17.8914, 1024.56
-26.5104, 30.3912, 1626.43
-7.56084, -5.38974, 86.2155
-0.719773, -9.98485, 100.215
10.933, 8.41729, 190.381
-11.5864, -11.4343, 264.988
-14.5252, 9.32269, 297.894
-10.5151, -13.8369, 302.027
7.51828, -25.1279, 687.936
-11.5353, -27.66, 898.139
26.5417, -17.8914, 1024.56
-26.5104, 30.3912, 1626.43
-7.56084, -5.38974, 86.2155
-0.719773, -9.98485, 100.215
14.0542, 8.41729, 268.371
-14.5252, 9.32269, 297.894
-10.5151, -13.8369, 302.027
17.3883, -11.4343, 433.096
7.51828, -25.1279, 687.936
-11.5353, -27.66, 898.139
26.5417, -17.8914, 1024.56
-26.5104, 30.3912, 1626.43
-7.56084, -5.38974, 86.2155
-0.719773, -9.98485, 100.215
14.0542, 8.41729, 268.371
-14.5252, 9.32269, 297.894
-10.5151, -13.8369, 302.027
17.3883, -11.4343, 433.096
7.51828, -25.1279, 687.936
-11.5353, -27.66, 898.139
26.5417, -17.8914, 1024.56
-26.5104, 30.3912, 1626.43
-7.56084, -5.38974, 86.2155
-0.719773, -9.98485, 100.215
14.0542, 8.41729, 268.371
-14.5252, 9.32269, 297.894
-10.5151, -13.8369, 302.027
17.3883, -11.4343, 433.096
7.51828, -25.1279, 687.936
-11.5353, -27.66, 898.139
26.5417, -17.8914, 1024.56
-26.5104, 30.3912, 1626.43
2.67811, 8.41729, 78.023
-7.56084, -5.38974, 86.2155
-0.719773, -9.98485, 100.215
-12.228, 9.32269, 236.437
-10.5151, -13.8369, 302.027
17.3883, -11.4343, 433.096
7.51828, -25.1279, 687.936
-11.5353, -27.66, 898.139
26.5417, -17.8914, 1024.56
-26.5104, 30.3912, 1626.43
2.67811, 8.41729, 78.023
-7.56084, -5.38974, 86.2155
-0.719773, -9.98485, 100.215
-10.5151, -9.95506, 209.671
-12.228, 9.32269, 236.437
17.3883, -1.32008, 304.096
7.51828, -25.1279, 687.936
-11.5353, -27.66, 898.139
-20.0273, -17.8914, 721.195
-5.45625, 30.3912, 953.396
2.67811, 8.41729, 78.023
-7.56084, -5.38974, 86.2155
-0.719773, -9.98485, 100.215
-10.5151, -9.95506, 209.671
-12.228, 9.32269, 236.437
17.3883, -1.32008, 304.096
7.51828, -25.1279, 687.936
-20.0273, -17.8914, 721.195
-11.5353, -27.66, 898.139
-5.45625, 30.3912, 953.396
2.67811, 8.41729, 78.023
-7.56084, -5.38974, 86.2155
-0.719773, -9.98485, 100.215
-10.5151, -9.95506, 209.671
-12.228, 9.32269, 236.437
17.3883, -1.32008, 304.096
7.51828, -25.1279, 687.936
-20.0273, -17.8914, 721.195
-11.5353, -27.66, 898.139
-5.45625, 30.3912, 953.396
2.67811, 8.41729, 78.023
-7.56084, -5.38974, 86.2155
-0.719773, -9.98485, 100.215
-10.5151, -9.95506, 209.671
-12.228, 9.32269, 236.437
17.3883, -1.32008, 304.096
7.51828, -25.1279, 687.936
-20.0273, -17.8914, 721.195
-11.5353, -27.66, 898.139
-5.45625, 30.3912, 953.396
2.67811, 8.41729, 78.023
-7.56084, -5.38974, 86.2155
-0.719773, -9.98485, 100.215
-10.5151, -9.95506, 209.671
-12.228, 9.32269, 236.437
17.3883, -1.32008, 304.096
7.51828, -25.1279, 687.936
-20.0273, -17.8914, 721.195
-1.62598, -27.66, 767.719
0.706206, 30.3912, 924.124
2.67811, 8.41729, 78.023
-7.56084, -5.38974, 86.2155
-0.719773, -9.98485, 100.215
-10.5151, -9.95506, 209.671
-12.228, 16.9318, 436.21
17.3883, 15.7549, 550.57
7.51828, -25.1279, 687.936
-20.0273, -17.8914, 721.195
-1.62598, -27.66, 767.719
0.706206, 30.3912, 924.124
2.67811, 8.41729, 78.023
-7.56084, -5.38974, 86.2155
-4.13428, -9.95506, 116.195
-12.228, 16.9318, 436.21
17.3883, 15.7549, 550.57
7.51828, -25.1279, 687.936
-20.0273, -17.8914, 721.195
-0.719773, 27.1976, 740.228
-1.62598, -27.66, 767.719
0.706206, 30.3912, 924.124
2.67811, 8.41729, 78.023
-7.56084, -5.38974, 86.2155
-4.13428, -9.95506, 116.195
-12.228, 16.9318, 436.21
17.3883, 15.7549, 550.57
7.51828, -25.1279, 687.936
-20.0273, -17.8914, 721.195
-0.719773, 27.1976, 740.228
-1.62598, -29.6053, 879.118
0.706206, -27.309, 746.28
2.67811, 7.85652, 68.8972
-4.13428, -9.95506, 116.195
-7.56084, 15.2393, 289.403
6.58644, 16.9318, 330.067
17.3883, 7.95137, 365.577
-20.0273, -17.8914, 721.195
-0.719773, 27.1976, 740.228
-10.5821, -25.1279, 743.392
0.706206, -27.309, 746.28
-1.62598, -29.6053, 879.118
2.67811, 7.85652, 68.8972
-4.13428, -9.95506, 116.195
-7.56084, 15.2393, 289.403
6.58644, 16.9318, 330.067
17.3883, 7.95137, 365.577
-20.0273, -17.8914, 721.195
-0.719773, 27.1976, 740.228
-10.5821, -25.1279, 743.392
0.706206, -27.309, 746.28
-1.62598, -29.6053, 879.118
2.67811, 7.85652, 68.8972
-4.13428, -9.95506, 116.195
-7.56084, 15.2393, 289.403
6.58644, 16.9318, 330.067
-16.8161, 7.95137, 346.006
-0.719773, 27.1976, 740.228
-10.5821, -25.1279, 743.392
0.706206, -27.309, 746.28
-1.62598, -29.6053, 879.118
-20.0273, 28.3296, 1203.66
2.67811, 7.85652, 68.8972
-4.13428, -9.95506, 116.195
-7.56084, 15.2393, 289.403
6.58644, 16.9318, 330.067
-0.719773, -18.6375, 347.874
-10.5821, -25.1279, 743.392
0.706206, -27.309, 746.28
27.5047, 7.95137, 819.733
-1.62598, -29.6053, 879.118
-20.0273, 28.3296, 1203.66
2.67811, 7.85652, 68.8972
-4.13428, -9.95506, 116.195
-7.56084, 15.2393, 289.403
6.58644, 16.9318, 330.067
-0.719773, -18.6375, 347.874
-10.5821, -25.1279, 743.392
0.706206, -27.309, 746.28
27.5047, 7.95137, 819.733
-1.62598, -12.7754, 165.855
-20.8004, 28.3296, 1235.22
-1.62598, -12.7754, 165.855
-7.56084, 15.2393, 289.403
6.58644, 16.9318, 330.067
-0.719773, -18.6375, 347.874
-22.5816, -9.95506, 609.032
2.67811, -25.7915, 672.374
-10.5821, -25.1279, 743.392
0.706206, -27.309, 746.28
27.5047, 7.95137, 819.733
-20.8004, 28.3296, 1235.22
-1.62598, -12.7754, 165.855
-7.56084, 15.2393, 289.403
6.58644, 16.9318, 330.067
-0.719773, -18.6375, 347.874
-22.5816, -9.95506, 609.032
2.67811, -25.7915, 672.374
1.06414, -27.309, 746.914
27.5047, 7.95137, 819.733
15.4896, 28.3296, 1042.49
23.8884, -25.1279, 1202.07
6.58644, 16.9318, 330.067
13.1552, -12.7754, 336.27
-0.719773, -18.6375, 347.874
-7.56084, -18.5688, 401.967
-22.5816, -9.95506, 609.032
2.67811, -25.7915, 672.374
15.4896, 28.3296, 1042.49
23.8884, -25.1279, 1202.07
27.5047, 25.0417, 1383.6
-29.1031, -27.309, 1592.77
2.67811, -7.57032, 64.482
3.60643, -9.95506, 112.11
6.58644, 16.9318, 330.067
13.1552, -12.7754, 336.27
-0.719773, -18.6375, 347.874
-7.56084, -18.5688, 401.967
15.4896, 28.3296, 1042.49
23.8884, -25.1279, 1202.07
27.5047, 25.0417, 1383.6
-29.1031, -27.309, 1592.77
2.67811, -7.57032, 64.482
3.60643, -9.95506, 112.11
-0.719773, -18.6375, 347.874
-7.56084, -18.5688, 401.967
13.1552, 23.1207, 707.626
-25.1649, 16.9318, 919.958
15.4896, 28.3296, 1042.49
23.8884, -25.1279, 1202.07
27.5047, 25.0417, 1383.6
-29.1031, -27.309, 1592.77
2.67811, -7.57032, 64.482
3.60643, -9.95506, 112.11
-0.719773, -18.6375, 347.874
-7.56084, -18.5688, 401.967
13.1552, 23.1207, 707.626
-25.1649, 16.9318, 919.958
15.4896, 28.3296, 1042.49
23.8884, -25.1279, 1202.07
27.5047, 25.0417, 1383.6
-29.1031, -27.309, 1592.77
2.67811, -7.57032, 64.482
3.60643, -9.95506, 112.11
-12.4371, -18.6375, 502.038
13.1552, 23.1207, 707.626
-25.1649, 16.9318, 919.958
15.4896, 28.3296, 1042.49
23.8884, -25.1279, 1202.07
29.6922, -18.5688, 1226.43
27.5047, 25.0417, 1383.6
-29.1031, -27.309, 1592.77
2.67811, -7.57032, 64.482
3.60643, -9.95506, 112.11
-12.4371, -18.6375, 502.038
13.1552, 23.1207, 707.626
15.4896, -21.8464, 717.193
23.8884, -25.1279, 1202.07
29.6922, -18.5688, 1226.43
27.5047, 25.0417, 1383.6
-24.4111, 31.1254, 1564.69
-29.1031, -27.309, 1592.77
2.67811, -7.57032, 64.482
3.60643, -9.95506, 112.11
-12.4371, -18.6375, 502.038
13.1552, 23.1207, 707.626
17.6754, -25.1279, 943.831
27.5047, 16.3579, 1024.09
29.6922, -14.0015, 1077.67
-25.7345, -21.8464, 1139.53
-24.4111, 31.1254, 1564.69
-29.1031, -27.309, 1592.77
2.67811, -7.57032, 64.482
3.60643, -9.95506, 112.11
-12.4371, -18.6375, 502.038
13.1552, 23.1207, 707.626
17.6754, -25.1279, 943.831
27.5047, 16.3579, 1024.09
29.6922, -14.0015, 1077.67
-25.7345, -21.8464, 1139.53
-24.4111, 31.1254, 1564.69
-29.1031, -27.309, 1592.77
3.60643, -1.50213, 15.2627
17.6754, 9.22641, 397.546
2.67811, -21.0487, 450.22
-12.4371, -18.6375, 502.038
13.1552, 23.1207, 707.626
27.5047, 10.1552, 859.637
29.6922, -14.0015, 1077.67
-25.7345, -21.8464, 1139.53
-24.4111, 31.1254, 1564.69
-29.1031, -27.309, 1592.77
3.60643, -1.50213, 15.2627
17.6754, 9.22641, 397.546
2.67811, -21.0487, 450.22
-12.4371, -18.6375, 502.038
13.1552, 23.1207, 707.626
27.5047, 10.1552, 859.637
29.6922, -14.0015, 1077.67
-25.7345, -21.8464, 1139.53
-24.4111, 31.1254, 1564.69
-29.1031, -27.309, 1592.77
3.60643, -1.50213, 15.2627
-12.4371, 6.76698, 200.473
8.23985, -14.0015, 263.937
17.154, 10.1552, 397.388
17.6754, 9.22641, 397.546
-10.9957, -21.0487, 563.953
9.54572, -21.8464, 568.386
-16.384, 23.1207, 803.002
-32.1599, 31.1254, 2003.05
30.3048, -27.309, 1664.16
3.60643, -1.50213, 15.2627
-12.4371, 6.76698, 200.473
8.23985, -14.0015, 263.937
17.154, 10.1552, 397.388
20.4664, 9.22641, 504
-10.9957, -19.9333, 518.242
9.54572, -21.8464, 568.386
-16.384, 23.1207, 803.002
30.3048, -0.0884709, 918.389
20.3976, 31.1254, 1384.85
-10.3376, -1.50213, 109.122
-8.54054, 6.76698, 118.733
8.23985, -14.0015, 263.937
17.154, 10.1552, 397.388
20.4664, 9.22641, 504
-10.9957, -19.9333, 518.242
9.54572, -21.8464, 568.386
-16.384, 23.1207, 803.002
30.3048, -0.0884709, 918.389
20.3976, 31.1254, 1384.85
-10.3376, -1.50213, 109.122
-8.54054, 6.76698, 118.733
8.23985, -14.0015, 263.937
17.154, 10.1552, 397.388
20.4664, 9.22641, 504
-10.9957, -19.9333, 518.242
9.54572, -21.8464, 568.386
-16.384, 23.1207, 803.002
30.3048, -0.0884709, 918.389
20.3976, 31.1254, 1384.85
-10.3376, -1.50213, 109.122
-8.54054, 6.76698, 118.733
8.23985, -14.0015, 263.937
17.154, 10.1552, 397.388
20.4664, 9.22641, 504
-10.9957, -19.9333, 518.242
9.54572, -21.8464, 568.386
-16.384, 23.1207, 803.002
-27.2753, -0.0884709, 743.95
7.57917, 31.1254, 1026.23
-8.54054, 4.44645, 92.7117
-10.3376, 8.92972, 186.606
8.23985, -14.0015, 263.937
17.154, 10.1552, 397.388
9.54572, -21.8464, 568.386
-10.9957, 22.4673, 625.685
-27.2753, -0.0884709, 743.95
-16.384, 23.1207, 803.002
20.4664, 24.376, 1013.06
7.57917, 31.1254, 1026.23
-8.54054, 4.44645, 92.7117
9.54572, 7.64568, 149.577
-10.3376, 8.92972, 186.606
8.23985, -14.0015, 263.937
17.154, 10.1552, 397.388
-15.1833, 22.4673, 735.312
20.4664, 24.376, 1013.06
7.57917, 31.1254, 1026.23
-27.2753, 24.3141, 1335.12
29.7746, 23.1207, 1421.09
-8.54054, 4.44645, 92.7117
9.54572, 7.64568, 149.577
-10.3376, 8.92972, 186.606
8.23985, -14.0015, 263.937
17.154, 10.1552, 397.388
-15.1833, 22.4673, 735.312
20.4664, 24.376, 1013.06
7.57917, 31.1254, 1026.23
-27.2753, 24.3141, 1335.12
29.7746, 23.1207, 1421.09
-8.54054, 4.44645, 92.7117
9.54572, 7.64568, 149.577
-10.3376, 8.92972, 186.606
8.23985, -14.0015, 263.937
17.154, 10.1552, 397.388
-15.1833, 22.4673, 735.312
20.4664, -19.0661, 782.39
7.57917, 27.1665, 795.463
12.0702, 24.3141, 736.865
30.4885, 23.1207, 1464.12
-8.54054, 4.44645, 92.7117
9.54572, 7.64568, 149.577
-10.3376, 8.92972, 186.606
8.23985, -14.0015, 263.937
17.6279, 10.1552, 413.871
12.0702, 24.3141, 736.865
-16.3153, 22.4673, 770.969
20.4664, -19.0661, 782.39
7.57917, 27.1665, 795.463
30.4885, 23.1207, 1464.12
-8.54054, 4.44645, 92.7117
-10.3376, -3.13383, 116.687
9.54572, 7.64568, 149.577
17.6279, 10.1552, 413.871
20.4664, -1.16743, 420.236
20.6683, -14.0015, 623.221
12.0702, 24.3141, 736.865
7.57917, 27.1665, 795.463
-16.3153, 27.0317, 996.902
26.4906, 23.1207, 1236.32
-8.54054, 4.44645, 92.7117
-10.3376, -3.13383, 116.687
9.54572, 7.64568, 149.577
17.6279, 10.1552, 413.871
20.4664, -1.16743, 420.236
20.6683, -14.0015, 623.221
12.0702, 24.3141, 736.865
7.57917, 27.1665, 795.463
-16.3153, 27.0317, 996.902
26.4906, 23.1207, 1236.32
-8.54054, 4.44645, 92.7117
-10.3376, -3.13383, 116.687
9.54572, 7.64568, 149.577
17.7285, -1.16743, 315.663
17.6279, 10.1552, 413.871
12.0702, 24.3141, 736.865
7.57917, 27.1665, 795.463
-16.3153, 27.0317, 996.902
26.4906, 23.1207, 1236.32
20.6683, -29.7542, 1312.49
